<?xml version="1.0" encoding="UTF-8"?>
<!-- Generated by org.testng.reporters.JUnitReportReporter -->
<testsuite hostname="LAPTOP-LSLT691C" name="DriverFactory.AppTest" tests="1" failures="0" timestamp="3 Jul 2021 01:16:19 GMT" time="495.178" errors="0">
  <testcase name="kickStart" time="495.178" classname="DriverFactory.AppTest"/>
</testsuite> <!-- DriverFactory.AppTest -->
